<?xml version="1.0" encoding="UTF-8"?>
<!-- Generated by org.testng.reporters.JUnitReportReporter -->
<testsuite hostname="Borra" failures="0" tests="1" name="testCases.TC001_AccountRegistrationTest" time="2.298" errors="0" timestamp="2025-03-06T13:53:23 EST" skipped="0">
  <testcase classname="testCases.TC001_AccountRegistrationTest" name="verifyAccountRegistration" time="2.298"/>
</testsuite> <!-- testCases.TC001_AccountRegistrationTest -->
