<?xml version="1.0" encoding="UTF-8"?>
<!-- Generated by org.testng.reporters.JUnitReportReporter -->
<testsuite hostname="Borra" failures="0" tests="1" name="testCases.TC001_LoginTest" time="1.935" errors="0" timestamp="2025-02-24T11:26:09 EST" skipped="0">
  <testcase classname="testCases.TC001_LoginTest" name="verifyLogin" time="1.935"/>
</testsuite> <!-- testCases.TC001_LoginTest -->
